make all --print-data-base --no-builtin-variables --no-builtin-rules --question
# GNU Make 4.2.1
# Built for x86_64-pc-linux-gnu
# Copyright (C) 1988-2016 Free Software Foundation, Inc.
# License GPLv3+: GNU GPL version 3 or later <http://gnu.org/licenses/gpl.html>
# This is free software: you are free to change and redistribute it.
# There is NO WARRANTY, to the extent permitted by law.

# Make data base, printed on Fri Jul  9 18:17:22 2021

# Variables

# 'override' directive
GNUMAKEFLAGS := 
# automatic
<D = $(patsubst %/,%,$(dir $<))
# automatic
?F = $(notdir $?)
# makefile (from 'Makefile', line 111)
INCLUDE_PATHS = -I/include -I$(RAYLIB_H_INSTALL_PATH) -isystem. -isystem$(RAYLIB_PATH)/src -isystem$(RAYLIB_PATH)/release/include -isystem$(RAYLIB_PATH)/src/external
# environment
DESKTOP_SESSION = ubuntu
# default
.SHELLFLAGS := -c
# makefile (from 'Makefile', line 130)
OBJ := obj/background.o obj/player.o obj/common.o obj/overlay.o obj/camera.o obj/main.o
# environment
XDG_SESSION_CLASS = user
# makefile (from 'Makefile', line 129)
SRC := src/background.c src/player.c src/common.c src/overlay.c src/camera.c src/main.c
# environment
SNAP_COMMON = /var/snap/code/common
# environment
XDG_SESSION_TYPE = x11
# environment
VSCODE_LOG_NATIVE = false
# makefile (from 'Makefile', line 64)
USE_WAYLAND_DISPLAY = FALSE
# automatic
?D = $(patsubst %/,%,$(dir $?))
# environment
IM_CONFIG_PHASE = 1
# makefile (from 'Makefile', line 32)
COMPILER_PATH = C:/raylib/mingw/bin
# makefile (from 'Makefile', line 28)
RAYLIB_VERSION = 3.8.1
# automatic
@D = $(patsubst %/,%,$(dir $@))
# environment
XAUTHORITY = /run/user/1000/gdm/Xauthority
# environment
GDMSESSION = ubuntu
# environment
XMODIFIERS = @im=ibus
# makefile
CURDIR := /home/dev/game_dev/Raylib/Grapple
# makefile
SHELL = /bin/sh
# environment
SNAP_DATA = /var/snap/code/68
# environment
VSCODE_NLS_CONFIG = {"locale":"en-us","availableLanguages":{},"_languagePackSupport":true}
# environment
JOURNAL_STREAM = 8:54085
# makefile (from 'Makefile', line 106)
CFLAGS = -Wall -Werror -std=c99 -D_DEFAULT_SOURCE -Wno-missing-braces  -Wl,-rpath,$(EXAMPLE_RUNTIME_PATH) -g -O0
# environment
XDG_CONFIG_DIRS = /etc/xdg/xdg-ubuntu:/etc/xdg
# environment
SNAP_INSTANCE_NAME = code
# environment
SNAP_ARCH = amd64
# makefile (from 'Makefile', line 1)
MAKEFILE_LIST :=  Makefile
# automatic
@F = $(notdir $@)
# environment
GIO_LAUNCHED_DESKTOP_FILE = /var/lib/snapd/desktop/applications/code_code.desktop
# environment
USERNAME = dev
# makefile (from 'Makefile', line 127)
OBJ_DIR = obj
# environment
XDG_DATA_DIRS = /usr/share/ubuntu:/usr/local/share/:/usr/share/:/var/lib/snapd/desktop
# environment
DBUS_SESSION_BUS_ADDRESS = unix:path=/run/user/1000/bus
# environment
VSCODE_VERBOSE_LOGGING = true
# makefile (from 'Makefile', line 56)
BUILD_MODE = DEBUG
# environment
_ = /snap/code/68/usr/share/code/code
# environment
MANAGERPID = 1476
# environment
LESSOPEN = | /usr/bin/lesspipe %s
# environment
VSCODE_CWD = /home/dev
# environment
GSETTINGS_SCHEMA_DIR = /snap/code/68/usr/share/glib-2.0/schemas
# default
MAKE_HOST := x86_64-pc-linux-gnu
# environment
PATH = /usr/local/sbin:/usr/local/bin:/usr/sbin:/usr/bin:/sbin:/bin:/usr/games:/usr/local/games:/snap/bin
# environment
 
GPG_AGENT_INFO = /run/user/1000/gnupg/S.gpg-agent:0:1
# environment
SESSION_MANAGER = local/ubuntu:@/tmp/.ICE-unix/1684,unix/ubuntu:/tmp/.ICE-unix/1684
# makefile (from 'Makefile', line 70)
RAYLIB_PATH := /home/dev/game_dev/Raylib
# environment
XDG_RUNTIME_DIR = /run/user/1000
# environment
GDK_PIXBUF_MODULE_FILE = /home/dev/snap/code/common/.cache/gdk-pixbuf-loaders.cache
# environment
SNAP = /snap/code/68
# environment
SNAP_VERSION = 2d23c42a
# environment
XDG_MENU_PREFIX = gnome-
# environment
VSCODE_LOG_STACK = false
# environment
DISABLE_WAYLAND = 1
# environment
VSCODE_CRASH_REPORTER_START_OPTIONS = {"companyName":"Microsoft","productName":"VSCode","submitURL":"appcenter://code?aid=fba07a4d-84bd-4fc8-a125-9640fc8ce171&uid=ce0bda34-161b-4fbc-b944-0200fbe646d6&iid=ce0bda34-161b-4fbc-b944-0200fbe646d6&sid=ce0bda34-161b-4fbc-b944-0200fbe646d6","uploadToServer":true}
# environment
INVOCATION_ID = 323992bcc933407a97d6e38f1c7a65d2
# makefile (from 'Makefile', line 114)
LDFLAGS = -L. -L$(RAYLIB_INSTALL_PATH) -L$(RAYLIB_RELEASE_PATH)
# environment
GDK_PIXBUF_MODULEDIR = /snap/code/68/usr/lib/x86_64-linux-gnu/gdk-pixbuf-2.0/2.10.0/loaders
# makefile (from 'Makefile', line 120)
LDLIBS = -lraylib -lGL -lm -lpthread -ldl -lrt -lX11 -lc
# default
.FEATURES := target-specific order-only second-expansion else-if shortest-stem undefine oneshell archives jobserver output-sync check-symlink load
# makefile (from 'Makefile', line 60)
USE_EXTERNAL_GLFW = FALSE
# environment
LS_COLORS = 
# environment
XDG_SESSION_DESKTOP = ubuntu
# environment
SSH_AUTH_SOCK = /run/user/1000/keyring/ssh
# environment
GIO_LAUNCHED_DESKTOP_FILE_PID = 9077
# automatic
%F = $(notdir $%)
# environment
DISPLAY = :0
# environment
VSCODE_PIPE_LOGGING = true
# environment
SNAP_INSTANCE_KEY = 
# makefile (from 'Makefile', line 67)
PLATFORM_OS := LINUX
# environment
PWD = /home/dev/game_dev/Raylib/Grapple
# default
.LOADED := 
# environment
SSH_AGENT_PID = 1649
# environment
ORIGINAL_XDG_CURRENT_DESKTOP = ubuntu:GNOME
# environment
GTK_MODULES = gail:atk-bridge
# environment
VSCODE_AMD_ENTRYPOINT = vs/workbench/services/extensions/node/extensionHostProcess
# environment
HOME = /home/dev
# environment
LESSCLOSE = /usr/bin/lesspipe %s %s
# environment
VSCODE_CLI = 1
# environment
VSCODE_CODE_CACHE_PATH = /home/dev/.config/Code/CachedData/2d23c42a936db1c7b3b06f918cde29561cc47cd6
# makefile (from 'Makefile', line 69)
RAYLIB_PREFIX := ..
# environment
LOGNAME = dev
# environment
APPLICATION_INSIGHTS_NO_DIAGNOSTIC_CHANNEL = true
# environment
SNAP_LIBRARY_PATH = /var/lib/snapd/lib/gl:/var/lib/snapd/lib/gl32:/var/lib/snapd/void
# environment
SNAP_CONTEXT = uau1iBu7Hix6SlMVsCLWc1oirVVvmGl2cR04djv_U5CbG59w_N7J
# environment
ELECTRON_NO_ATTACH_CONSOLE = 1
# environment
SNAP_USER_COMMON = /home/dev/snap/code/common
# environment
VSCODE_HANDLES_UNCAUGHT_ERRORS = true
# environment
GNOME_DESKTOP_SESSION_ID = this-is-deprecated
# automatic
^D = $(patsubst %/,%,$(dir $^))
# environment
MAKELEVEL := 0
# environment
SNAP_REAL_HOME = /home/dev
# makefile (from 'Makefile', line 91)
MAKE := make
# default
MAKECMDGOALS := all
# environment
QT_IM_MODULE = ibus
# environment
SNAP_USER_DATA = /home/dev/snap/code/68
# environment
SHLVL = 0
# makefile (from 'Makefile', line 90)
CC := gcc
# environment
GNOME_SHELL_SESSION_MODE = ubuntu
# makefile (from 'Makefile', line 50)
RAYLIB_H_INSTALL_PATH = $(DESTDIR)/include
# environment
VSCODE_IPC_HOOK_EXTHOST = /run/user/1000/vscode-ipc-d678e2b2-547f-4ed4-8650-a727ead81014.sock
# default
MAKE_VERSION := 4.2.1
# environment
USER = dev
# environment
SNAP_REVISION = 68
# makefile
.DEFAULT_GOAL := grapple
# environment
XDG_CURRENT_DESKTOP = Unity
# makefile (from 'Makefile', line 47)
DESTDIR = /usr/local
# automatic
%D = $(patsubst %/,%,$(dir $%))
# makefile (from 'Makefile', line 123)
rwildcard = $(foreach d,$(wildcard $1*),$(call rwildcard,$d/,$2) $(filter $(subst *,%,$2),$d))
# default
MAKE_COMMAND := make
# default
.VARIABLES := 
# automatic
*F = $(notdir $*)
# environment
VSCODE_IPC_HOOK = /run/user/1000/vscode-382e5fbe-1.58.0-main.sock
# environment
BAMF_DESKTOP_FILE_HINT = /var/lib/snapd/desktop/applications/code_code.desktop
# makefile
MAKEFLAGS = pqrR
# environment
MFLAGS = -pqrR
# automatic
*D = $(patsubst %/,%,$(dir $*))
# environment
BREAKPAD_DUMP_LOCATION = /home/dev/.config/Code/exthost Crash Reports
# automatic
+D = $(patsubst %/,%,$(dir $+))
# environment
GDK_BACKEND = x11
# automatic
+F = $(notdir $+)
# makefile (from 'Makefile', line 86)
EXAMPLE_RUNTIME_PATH = $(RAYLIB_RELEASE_PATH)
# environment
QT_ACCESSIBILITY = 1
# makefile (from 'Makefile', line 66)
PLATFORM := PLATFORM_DESKTOP
# default
MAKEFILES := 
# environment
SNAP_COOKIE = uau1iBu7Hix6SlMVsCLWc1oirVVvmGl2cR04djv_U5CbG59w_N7J
# makefile (from 'Makefile', line 126)
SRC_DIR = src
# environment
VSCODE_BROWSER_CODE_LOADING = bypassHeatCheck
# automatic
<F = $(notdir $<)
# makefile (from 'Makefile', line 72)
RAYLIB_RELEASE_PATH = $(RAYLIB_PATH)/src
# environment
ELECTRON_RUN_AS_NODE = 1
# makefile (from 'Makefile', line 27)
PROJECT_NAME = grapple
# environment
SNAP_NAME = code
# makefile (from 'Makefile', line 48)
RAYLIB_INSTALL_PATH = $(DESTDIR)/lib
# environment
LC_ALL = C
# environment
GJS_DEBUG_TOPICS = JS ERROR;JS LOG
# automatic
^F = $(notdir $^)
# default
SUFFIXES := 
# environment
SNAP_REEXEC = 
# environment
CHROME_DESKTOP = code-url-handler.desktop
# makefile (from 'Makefile', line 53)
RAYLIB_LIBTYPE = SHARED
# environment
WINDOWPATH = 2
# default
.INCLUDE_DIRS = /usr/include /usr/local/include /usr/include
# environment
GJS_DEBUG_OUTPUT = stderr
# default
.RECIPEPREFIX := 
# environment
LANG = C
# environment
VSCODE_PID = 9121
# variable set hash-table stats:
# Load=149/1024=15%, Rehash=0, Collisions=29/210=14%

# Pattern-specific Variable Values

# No pattern-specific variable values.

# Directories

# . (device 2053, inode 1581098): 11 files, no impossibilities.
# src (device 2053, inode 1719915): 8 files, no impossibilities.

# 19 files, no impossibilities in 2 directories.

# Implicit Rules

obj/%.o: src/%.c
#  recipe to execute (from 'Makefile', line 141):
	$(CC) -c $< -o $@ $(CFLAGS) $(INCLUDE_PATHS) -D$(PLATFORM)

# 1 implicit rules, 0 (0.0%) terminal.

# Files

all:
#  Phony target (prerequisite of .PHONY).
#  Command line target.
#  Implicit rule search has not been done.
#  File does not exist.
#  File has been updated.
#  Successfully updated.

.PHONY: all clean
#  Implicit rule search has not been done.
#  Modification time never checked.
#  File has not been updated.

# Not a target:
Makefile:
#  Implicit rule search has been done.
#  Last modified 2021-07-09 18:16:54.444286902
#  File has been updated.
#  Successfully updated.

grapple:
#  Implicit rule search has not been done.
#  Modification time never checked.
#  File has not been updated.
#  recipe to execute (from 'Makefile', line 135):
	$(CC) -o $(PROJECT_NAME)$(EXT) $(OBJS) $(CFLAGS) $(INCLUDE_PATHS) $(LDFLAGS) $(LDLIBS) -D$(PLATFORM)

# Not a target:
.DEFAULT:
#  Implicit rule search has not been done.
#  Modification time never checked.
#  File has not been updated.

clean:
#  Phony target (prerequisite of .PHONY).
#  Implicit rule search has not been done.
#  File does not exist.
#  File has not been updated.
#  recipe to execute (from 'Makefile', line 145):
	@$(RM) -rv $(BIN_DIR) $(OBJ_DIR)

# files hash-table stats:
# Load=7/1024=1%, Rehash=0, Collisions=0/20=0%
# VPATH Search Paths

# No 'vpath' search paths.

# No general ('VPATH' variable) search path.

# strcache buffers: 1 (0) / strings = 27 / storage = 222 B / avg = 8 B
# current buf: size = 8162 B / used = 222 B / count = 27 / avg = 8 B
 

# strcache performance: lookups = 39 / hit rate = 30%
# hash-table stats:
 
# Load=27/8192=0%, Rehash=0, Collisions=2/39=5%
# Finished Make data base on Fri Jul  9 18:17:22 2021

 
